<?xml version="1.0" encoding="UTF-8"?>
<!-- Generated by org.testng.reporters.JUnitXMLReporter -->
<testsuite ignored="0" hostname="DESKTOP-JU2TRLJ" failures="0" tests="3" name="Default test" time="23.338" errors="0" timestamp="2024-04-16T23:37:24 IST">
  <testcase classname="SeleniumPackages.PrintTableData_12_15_April" name="verifyTitle" time="0.025"/>
  <testcase classname="SeleniumPackages.PrintTableData_12_15_April" name="verifyTableData" time="0.226"/>
  <testcase classname="SeleniumPackages.PrintTableData_12_15_April" name="verifyUrl" time="0.016"/>
</testsuite> <!-- Default test -->
