<?xml version="1.0" encoding="UTF-8"?>
<testng-results ignored="0" total="3" passed="2" failed="1" skipped="0">
  <reporter-output>
  </reporter-output>
  <suite started-at="2024-04-22T01:28:52 IST" name="Default suite" finished-at="2024-04-22T01:29:16 IST" duration-ms="23335">
    <groups>
      <group name="regression">
        <method signature="Group_In_TestNG_18_April.verifyHomePageUrl()[pri:0, instance:SeleniumPackages.Group_In_TestNG_18_April@7e7be63f]" name="verifyHomePageUrl" class="SeleniumPackages.Group_In_TestNG_18_April"/>
      </group> <!-- regression -->
      <group name="smoke">
        <method signature="Group_In_TestNG_18_April.verifyValidLogin()[pri:0, instance:SeleniumPackages.Group_In_TestNG_18_April@7e7be63f]" name="verifyValidLogin" class="SeleniumPackages.Group_In_TestNG_18_April"/>
      </group> <!-- smoke -->
      <group name="sanity">
        <method signature="Group_In_TestNG_18_April.verifyHomePageUrl()[pri:0, instance:SeleniumPackages.Group_In_TestNG_18_April@7e7be63f]" name="verifyHomePageUrl" class="SeleniumPackages.Group_In_TestNG_18_April"/>
        <method signature="Group_In_TestNG_18_April.verifyInValidLogin()[pri:0, instance:SeleniumPackages.Group_In_TestNG_18_April@7e7be63f]" name="verifyInValidLogin" class="SeleniumPackages.Group_In_TestNG_18_April"/>
      </group> <!-- sanity -->
    </groups>
    <test started-at="2024-04-22T01:28:52 IST" name="Default test" finished-at="2024-04-22T01:29:16 IST" duration-ms="23335">
      <class name="SeleniumPackages.Group_In_TestNG_18_April">
        <test-method is-config="true" signature="setup()[pri:0, instance:SeleniumPackages.Group_In_TestNG_18_April@7e7be63f]" started-at="2024-04-22T01:28:52 IST" name="setup" finished-at="2024-04-22T01:29:00 IST" duration-ms="7494" status="PASS">
          <reporter-output>
          </reporter-output>
        </test-method> <!-- setup -->
        <test-method signature="verifyHomePageUrl()[pri:0, instance:SeleniumPackages.Group_In_TestNG_18_April@7e7be63f]" started-at="2024-04-22T01:29:00 IST" name="verifyHomePageUrl" description="Verify Home page url " finished-at="2024-04-22T01:29:00 IST" duration-ms="21" status="PASS">
          <reporter-output>
          </reporter-output>
        </test-method> <!-- verifyHomePageUrl -->
        <test-method is-config="true" signature="teardown()[pri:0, instance:SeleniumPackages.Group_In_TestNG_18_April@7e7be63f]" started-at="2024-04-22T01:29:00 IST" name="teardown" finished-at="2024-04-22T01:29:00 IST" duration-ms="245" status="PASS">
          <reporter-output>
          </reporter-output>
        </test-method> <!-- teardown -->
        <test-method is-config="true" signature="setup()[pri:0, instance:SeleniumPackages.Group_In_TestNG_18_April@7e7be63f]" started-at="2024-04-22T01:29:00 IST" name="setup" finished-at="2024-04-22T01:29:06 IST" duration-ms="5795" status="PASS">
          <reporter-output>
          </reporter-output>
        </test-method> <!-- setup -->
        <test-method signature="verifyInValidLogin()[pri:0, instance:SeleniumPackages.Group_In_TestNG_18_April@7e7be63f]" started-at="2024-04-22T01:29:06 IST" name="verifyInValidLogin" description="Verify Invalid login " finished-at="2024-04-22T01:29:07 IST" duration-ms="1605" status="PASS">
          <reporter-output>
          </reporter-output>
        </test-method> <!-- verifyInValidLogin -->
        <test-method is-config="true" signature="teardown()[pri:0, instance:SeleniumPackages.Group_In_TestNG_18_April@7e7be63f]" started-at="2024-04-22T01:29:07 IST" name="teardown" finished-at="2024-04-22T01:29:08 IST" duration-ms="173" status="PASS">
          <reporter-output>
          </reporter-output>
        </test-method> <!-- teardown -->
        <test-method is-config="true" signature="setup()[pri:0, instance:SeleniumPackages.Group_In_TestNG_18_April@7e7be63f]" started-at="2024-04-22T01:29:08 IST" name="setup" finished-at="2024-04-22T01:29:14 IST" duration-ms="6228" status="PASS">
          <reporter-output>
          </reporter-output>
        </test-method> <!-- setup -->
        <test-method signature="verifyValidLogin()[pri:0, instance:SeleniumPackages.Group_In_TestNG_18_April@7e7be63f]" started-at="2024-04-22T01:29:14 IST" name="verifyValidLogin" description="Verify valid login " finished-at="2024-04-22T01:29:15 IST" duration-ms="1472" status="FAIL">
          <exception class="org.openqa.selenium.NoSuchElementException">
            <message>
              <![CDATA[no such element: Unable to locate element: {"method":"xpath","selector":"//h3[text()='Login Successfully']"}
  (Session info: chrome=124.0.6367.60)
For documentation on this error, please visit: https://www.selenium.dev/documentation/webdriver/troubleshooting/errors#no-such-element-exception
Build info: version: '4.18.1', revision: 'b1d3319b48'
System info: os.name: 'Windows 10', os.arch: 'amd64', os.version: '10.0', java.version: '17.0.10'
Driver info: org.openqa.selenium.chrome.ChromeDriver
Command: [416c37d43f1875cb8f6a268920265865, findElement {using=xpath, value=//h3[text()='Login Successfully']}]
Capabilities {acceptInsecureCerts: false, browserName: chrome, browserVersion: 124.0.6367.60, chrome: {chromedriverVersion: 124.0.6367.60 (8771130bd84f..., userDataDir: C:\Users\PLAPY-10\AppData\L...}, fedcm:accounts: true, goog:chromeOptions: {debuggerAddress: localhost:52233}, networkConnectionEnabled: false, pageLoadStrategy: normal, platformName: windows, proxy: Proxy(), se:cdp: ws://localhost:52233/devtoo..., se:cdpVersion: 124.0.6367.60, setWindowRect: true, strictFileInteractability: false, timeouts: {implicit: 0, pageLoad: 300000, script: 30000}, unhandledPromptBehavior: dismiss and notify, webauthn:extension:credBlob: true, webauthn:extension:largeBlob: true, webauthn:extension:minPinLength: true, webauthn:extension:prf: true, webauthn:virtualAuthenticators: true}
Session ID: 416c37d43f1875cb8f6a268920265865]]>
            </message>
            <full-stacktrace>
              <![CDATA[org.openqa.selenium.NoSuchElementException: no such element: Unable to locate element: {"method":"xpath","selector":"//h3[text()='Login Successfully']"}
  (Session info: chrome=124.0.6367.60)
For documentation on this error, please visit: https://www.selenium.dev/documentation/webdriver/troubleshooting/errors#no-such-element-exception
Build info: version: '4.18.1', revision: 'b1d3319b48'
System info: os.name: 'Windows 10', os.arch: 'amd64', os.version: '10.0', java.version: '17.0.10'
Driver info: org.openqa.selenium.chrome.ChromeDriver
Command: [416c37d43f1875cb8f6a268920265865, findElement {using=xpath, value=//h3[text()='Login Successfully']}]
Capabilities {acceptInsecureCerts: false, browserName: chrome, browserVersion: 124.0.6367.60, chrome: {chromedriverVersion: 124.0.6367.60 (8771130bd84f..., userDataDir: C:\Users\PLAPY-10\AppData\L...}, fedcm:accounts: true, goog:chromeOptions: {debuggerAddress: localhost:52233}, networkConnectionEnabled: false, pageLoadStrategy: normal, platformName: windows, proxy: Proxy(), se:cdp: ws://localhost:52233/devtoo..., se:cdpVersion: 124.0.6367.60, setWindowRect: true, strictFileInteractability: false, timeouts: {implicit: 0, pageLoad: 300000, script: 30000}, unhandledPromptBehavior: dismiss and notify, webauthn:extension:credBlob: true, webauthn:extension:largeBlob: true, webauthn:extension:minPinLength: true, webauthn:extension:prf: true, webauthn:virtualAuthenticators: true}
Session ID: 416c37d43f1875cb8f6a268920265865
at java.base/jdk.internal.reflect.NativeConstructorAccessorImpl.newInstance0(Native Method)
at java.base/jdk.internal.reflect.NativeConstructorAccessorImpl.newInstance(NativeConstructorAccessorImpl.java:77)
at java.base/jdk.internal.reflect.DelegatingConstructorAccessorImpl.newInstance(DelegatingConstructorAccessorImpl.java:45)
at java.base/java.lang.reflect.Constructor.newInstanceWithCaller(Constructor.java:499)
at java.base/java.lang.reflect.Constructor.newInstance(Constructor.java:480)
at org.openqa.selenium.remote.ErrorCodec.decode(ErrorCodec.java:167)
at org.openqa.selenium.remote.codec.w3c.W3CHttpResponseCodec.decode(W3CHttpResponseCodec.java:138)
at org.openqa.selenium.remote.codec.w3c.W3CHttpResponseCodec.decode(W3CHttpResponseCodec.java:50)
at org.openqa.selenium.remote.HttpCommandExecutor.execute(HttpCommandExecutor.java:190)
at org.openqa.selenium.remote.service.DriverCommandExecutor.invokeExecute(DriverCommandExecutor.java:216)
at org.openqa.selenium.remote.service.DriverCommandExecutor.execute(DriverCommandExecutor.java:174)
at org.openqa.selenium.remote.RemoteWebDriver.execute(RemoteWebDriver.java:519)
at org.openqa.selenium.remote.ElementLocation$ElementFinder$2.findElement(ElementLocation.java:165)
at org.openqa.selenium.remote.ElementLocation.findElement(ElementLocation.java:59)
at org.openqa.selenium.remote.RemoteWebDriver.findElement(RemoteWebDriver.java:356)
at org.openqa.selenium.remote.RemoteWebDriver.findElement(RemoteWebDriver.java:350)
at SeleniumPackages.Group_In_TestNG_18_April.verifyValidLogin(Group_In_TestNG_18_April.java:40)
at java.base/jdk.internal.reflect.NativeMethodAccessorImpl.invoke0(Native Method)
at java.base/jdk.internal.reflect.NativeMethodAccessorImpl.invoke(NativeMethodAccessorImpl.java:77)
at java.base/jdk.internal.reflect.DelegatingMethodAccessorImpl.invoke(DelegatingMethodAccessorImpl.java:43)
at java.base/java.lang.reflect.Method.invoke(Method.java:568)
at org.testng.internal.MethodInvocationHelper.invokeMethod(MethodInvocationHelper.java:133)
at org.testng.internal.TestInvoker.invokeMethod(TestInvoker.java:598)
at org.testng.internal.TestInvoker.invokeTestMethod(TestInvoker.java:173)
at org.testng.internal.MethodRunner.runInSequence(MethodRunner.java:46)
at org.testng.internal.TestInvoker$MethodInvocationAgent.invoke(TestInvoker.java:824)
at org.testng.internal.TestInvoker.invokeTestMethods(TestInvoker.java:146)
at org.testng.internal.TestMethodWorker.invokeTestMethods(TestMethodWorker.java:146)
at org.testng.internal.TestMethodWorker.run(TestMethodWorker.java:128)
at java.base/java.util.ArrayList.forEach(ArrayList.java:1511)
at org.testng.TestRunner.privateRun(TestRunner.java:794)
at org.testng.TestRunner.run(TestRunner.java:596)
at org.testng.SuiteRunner.runTest(SuiteRunner.java:377)
at org.testng.SuiteRunner.runSequentially(SuiteRunner.java:371)
at org.testng.SuiteRunner.privateRun(SuiteRunner.java:332)
at org.testng.SuiteRunner.run(SuiteRunner.java:276)
at org.testng.SuiteRunnerWorker.runSuite(SuiteRunnerWorker.java:53)
at org.testng.SuiteRunnerWorker.run(SuiteRunnerWorker.java:96)
at org.testng.TestNG.runSuitesSequentially(TestNG.java:1212)
at org.testng.TestNG.runSuitesLocally(TestNG.java:1134)
at org.testng.TestNG.runSuites(TestNG.java:1063)
at org.testng.TestNG.run(TestNG.java:1031)
at org.testng.remote.AbstractRemoteTestNG.run(AbstractRemoteTestNG.java:115)
at org.testng.remote.RemoteTestNG.initAndRun(RemoteTestNG.java:293)
at org.testng.remote.RemoteTestNG.main(RemoteTestNG.java:91)
]]>
            </full-stacktrace>
          </exception> <!-- org.openqa.selenium.NoSuchElementException -->
          <reporter-output>
          </reporter-output>
        </test-method> <!-- verifyValidLogin -->
        <test-method is-config="true" signature="teardown()[pri:0, instance:SeleniumPackages.Group_In_TestNG_18_April@7e7be63f]" started-at="2024-04-22T01:29:15 IST" name="teardown" finished-at="2024-04-22T01:29:16 IST" duration-ms="253" status="PASS">
          <reporter-output>
          </reporter-output>
        </test-method> <!-- teardown -->
      </class> <!-- SeleniumPackages.Group_In_TestNG_18_April -->
    </test> <!-- Default test -->
  </suite> <!-- Default suite -->
</testng-results>
